# JRE version: OpenJDK Runtime Environment (17.0.6) (build 17.0.6+0-b2043.56-9586694)
# Java VM: OpenJDK 64-Bit Server VM (17.0.6+0-b2043.56-9586694, mixed mode, tiered, compressed oops, compressed class ptrs, g1 gc, windows-amd64)
GC Precious Log:
 CPUs: 4 total, 4 available
 Memory: 12055M
 Large Page Support: Disabled
 NUMA Support: Disabled
 Compressed Oops: Enabled (32-bit)
 Heap Region Size: 1M
 Heap Min Capacity: 8M
 Heap Initial Capacity: 190M
 Heap Max Capacity: 2G
 Pre-touch: Disabled
 Parallel Workers: 4
 Concurrent Workers: 1
 Concurrent Refinement Workers: 4
 Periodic GC: Disabled
Heap:
 garbage-first heap   total 399360K, used 233105K [0x0000000080000000, 0x0000000100000000)
  region size 1024K, 7 young (7168K), 5 survivors (5120K)
 Metaspace       used 123072K, committed 124160K, reserved 1163264K
  class space    used 16323K, committed 16832K, reserved 1048576K
GC Heap History (20 events):
Event: 22.384 GC heap before
{Heap before GC invocations=63 (full 0):
 garbage-first heap   total 304128K, used 188247K [0x0000000080000000, 0x0000000100000000)
  region size 1024K, 14 young (14336K), 5 survivors (5120K)
 Metaspace       used 101223K, committed 102016K, reserved 1138688K
  class space    used 13538K, committed 13888K, reserved 1048576K
}
Event: 22.392 GC heap after
{Heap after GC invocations=64 (full 0):
 garbage-first heap   total 304128K, used 179117K [0x0000000080000000, 0x0000000100000000)
  region size 1024K, 1 young (1024K), 1 survivors (1024K)
 Metaspace       used 101223K, committed 102016K, reserved 1138688K
  class space    used 13538K, committed 13888K, reserved 1048576K
}
Event: 407.220 GC heap before
{Heap before GC invocations=64 (full 0):
 garbage-first heap   total 304128K, used 251821K [0x0000000080000000, 0x0000000100000000)
  region size 1024K, 73 young (74752K), 1 survivors (1024K)
 Metaspace       used 105342K, committed 106240K, reserved 1146880K
  class space    used 14072K, committed 14528K, reserved 1048576K
}
Event: 407.231 GC heap after
{Heap after GC invocations=65 (full 0):
 garbage-first heap   total 304128K, used 183941K [0x0000000080000000, 0x0000000100000000)
  region size 1024K, 6 young (6144K), 6 survivors (6144K)
 Metaspace       used 105342K, committed 106240K, reserved 1146880K
  class space    used 14072K, committed 14528K, reserved 1048576K
}
Event: 409.521 GC heap before
{Heap before GC invocations=66 (full 0):
 garbage-first heap   total 311296K, used 253573K [0x0000000080000000, 0x0000000100000000)
  region size 1024K, 74 young (75776K), 6 survivors (6144K)
 Metaspace       used 107375K, committed 108352K, reserved 1146880K
  class space    used 14314K, committed 14784K, reserved 1048576K
}
Event: 409.541 GC heap after
{Heap after GC invocations=67 (full 0):
 garbage-first heap   total 311296K, used 191420K [0x0000000080000000, 0x0000000100000000)
  region size 1024K, 8 young (8192K), 8 survivors (8192K)
 Metaspace       used 107375K, committed 108352K, reserved 1146880K
  class space    used 14314K, committed 14784K, reserved 1048576K
}
Event: 409.637 GC heap before
{Heap before GC invocations=67 (full 0):
 garbage-first heap   total 311296K, used 198588K [0x0000000080000000, 0x0000000100000000)
  region size 1024K, 15 young (15360K), 8 survivors (8192K)
 Metaspace       used 107400K, committed 108352K, reserved 1146880K
  class space    used 14316K, committed 14784K, reserved 1048576K
}
Event: 409.646 GC heap after
{Heap after GC invocations=68 (full 0):
 garbage-first heap   total 311296K, used 193324K [0x0000000080000000, 0x0000000100000000)
  region size 1024K, 2 young (2048K), 2 survivors (2048K)
 Metaspace       used 107400K, committed 108352K, reserved 1146880K
  class space    used 14316K, committed 14784K, reserved 1048576K
}
Event: 410.960 GC heap before
{Heap before GC invocations=68 (full 0):
 garbage-first heap   total 311296K, used 259884K [0x0000000080000000, 0x0000000100000000)
  region size 1024K, 66 young (67584K), 2 survivors (2048K)
 Metaspace       used 110561K, committed 111488K, reserved 1146880K
  class space    used 14789K, committed 15232K, reserved 1048576K
}
Event: 410.973 GC heap after
{Heap after GC invocations=69 (full 0):
 garbage-first heap   total 311296K, used 205493K [0x0000000080000000, 0x0000000100000000)
  region size 1024K, 9 young (9216K), 9 survivors (9216K)
 Metaspace       used 110561K, committed 111488K, reserved 1146880K
  class space    used 14789K, committed 15232K, reserved 1048576K
}
Event: 411.827 GC heap before
{Heap before GC invocations=69 (full 0):
 garbage-first heap   total 311296K, used 242357K [0x0000000080000000, 0x0000000100000000)
  region size 1024K, 47 young (48128K), 9 survivors (9216K)
 Metaspace       used 113464K, committed 114368K, reserved 1155072K
  class space    used 15146K, committed 15552K, reserved 1048576K
}
Event: 411.848 GC heap after
{Heap after GC invocations=70 (full 0):
 garbage-first heap   total 311296K, used 220915K [0x0000000080000000, 0x0000000100000000)
  region size 1024K, 8 young (8192K), 8 survivors (8192K)
 Metaspace       used 113464K, committed 114368K, reserved 1155072K
  class space    used 15146K, committed 15552K, reserved 1048576K
}
Event: 412.873 GC heap before
{Heap before GC invocations=71 (full 0):
 garbage-first heap   total 399360K, used 265971K [0x0000000080000000, 0x0000000100000000)
  region size 1024K, 38 young (38912K), 8 survivors (8192K)
 Metaspace       used 116009K, committed 116992K, reserved 1155072K
  class space    used 15421K, committed 15872K, reserved 1048576K
}
Event: 412.885 GC heap after
{Heap after GC invocations=72 (full 0):
 garbage-first heap   total 399360K, used 223081K [0x0000000080000000, 0x0000000100000000)
  region size 1024K, 3 young (3072K), 3 survivors (3072K)
 Metaspace       used 116009K, committed 116992K, reserved 1155072K
  class space    used 15421K, committed 15872K, reserved 1048576K
}
Event: 413.295 GC heap before
{Heap before GC invocations=72 (full 0):
 garbage-first heap   total 399360K, used 238441K [0x0000000080000000, 0x0000000100000000)
  region size 1024K, 19 young (19456K), 3 survivors (3072K)
 Metaspace       used 116073K, committed 117120K, reserved 1155072K
  class space    used 15426K, committed 15936K, reserved 1048576K
}
Event: 413.302 GC heap after
{Heap after GC invocations=73 (full 0):
 garbage-first heap   total 399360K, used 221342K [0x0000000080000000, 0x0000000100000000)
  region size 1024K, 2 young (2048K), 2 survivors (2048K)
 Metaspace       used 116073K, committed 117120K, reserved 1155072K
  class space    used 15426K, committed 15936K, reserved 1048576K
}
Event: 416.423 GC heap before
{Heap before GC invocations=73 (full 0):
 garbage-first heap   total 399360K, used 301214K [0x0000000080000000, 0x0000000100000000)
  region size 1024K, 81 young (82944K), 2 survivors (2048K)
 Metaspace       used 122580K, committed 123648K, reserved 1163264K
  class space    used 16271K, committed 16768K, reserved 1048576K
}
Event: 416.437 GC heap after
{Heap after GC invocations=74 (full 0):
 garbage-first heap   total 399360K, used 228078K [0x0000000080000000, 0x0000000100000000)
  region size 1024K, 8 young (8192K), 8 survivors (8192K)
 Metaspace       used 122580K, committed 123648K, reserved 1163264K
  class space    used 16271K, committed 16768K, reserved 1048576K
}
Event: 417.638 GC heap before
{Heap before GC invocations=74 (full 0):
 garbage-first heap   total 399360K, used 309998K [0x0000000080000000, 0x0000000100000000)
  region size 1024K, 89 young (91136K), 8 survivors (8192K)
 Metaspace       used 122856K, committed 123904K, reserved 1163264K
  class space    used 16302K, committed 16832K, reserved 1048576K
}
Event: 417.650 GC heap after
{Heap after GC invocations=75 (full 0):
 garbage-first heap   total 399360K, used 233105K [0x0000000080000000, 0x0000000100000000)
  region size 1024K, 5 young (5120K), 5 survivors (5120K)
 Metaspace       used 122856K, committed 123904K, reserved 1163264K
  class space    used 16302K, committed 16832K, reserved 1048576K
}

